<?xml version="1.0" encoding="UTF-8"?>
<testsuite xmlns:xsi="http://www.w3.org/2001/XMLSchema-instance" xsi:noNamespaceSchemaLocation="https://maven.apache.org/surefire/maven-surefire-plugin/xsd/surefire-test-report-3.0.xsd" version="3.0" name="io.cucumber.junit.platform.engine.CucumberTestEngine" time="0.012" tests="1" errors="0" skipped="0" failures="0">
  <properties>
    <property name="java.specification.version" value="21"/>
    <property name="sun.cpu.isalist" value="amd64"/>
    <property name="sun.jnu.encoding" value="MS874"/>
    <property name="java.class.path" value="C:\Users\Aroon Janthong\Workspaces\bdd\cach-withdraw-test\target\test-classes;C:\Users\Aroon Janthong\Workspaces\bdd\cach-withdraw-test\target\classes;C:\Users\Aroon Janthong\.m2\repository\io\cucumber\cucumber-java\7.17.0\cucumber-java-7.17.0.jar;C:\Users\Aroon Janthong\.m2\repository\io\cucumber\cucumber-core\7.17.0\cucumber-core-7.17.0.jar;C:\Users\Aroon Janthong\.m2\repository\io\cucumber\cucumber-gherkin\7.17.0\cucumber-gherkin-7.17.0.jar;C:\Users\Aroon Janthong\.m2\repository\io\cucumber\cucumber-gherkin-messages\7.17.0\cucumber-gherkin-messages-7.17.0.jar;C:\Users\Aroon Janthong\.m2\repository\io\cucumber\gherkin\28.0.0\gherkin-28.0.0.jar;C:\Users\Aroon Janthong\.m2\repository\io\cucumber\messages\24.1.0\messages-24.1.0.jar;C:\Users\Aroon Janthong\.m2\repository\io\cucumber\testng-xml-formatter\0.1.0\testng-xml-formatter-0.1.0.jar;C:\Users\Aroon Janthong\.m2\repository\io\cucumber\query\12.1.2\query-12.1.2.jar;C:\Users\Aroon Janthong\.m2\repository\io\cucumber\tag-expressions\6.1.0\tag-expressions-6.1.0.jar;C:\Users\Aroon Janthong\.m2\repository\io\cucumber\cucumber-expressions\17.1.0\cucumber-expressions-17.1.0.jar;C:\Users\Aroon Janthong\.m2\repository\io\cucumber\datatable\7.17.0\datatable-7.17.0.jar;C:\Users\Aroon Janthong\.m2\repository\io\cucumber\cucumber-plugin\7.17.0\cucumber-plugin-7.17.0.jar;C:\Users\Aroon Janthong\.m2\repository\io\cucumber\docstring\7.17.0\docstring-7.17.0.jar;C:\Users\Aroon Janthong\.m2\repository\io\cucumber\html-formatter\21.3.1\html-formatter-21.3.1.jar;C:\Users\Aroon Janthong\.m2\repository\io\cucumber\junit-xml-formatter\0.4.0\junit-xml-formatter-0.4.0.jar;C:\Users\Aroon Janthong\.m2\repository\io\cucumber\ci-environment\10.0.1\ci-environment-10.0.1.jar;C:\Users\Aroon Janthong\.m2\repository\org\apiguardian\apiguardian-api\1.1.2\apiguardian-api-1.1.2.jar;C:\Users\Aroon Janthong\.m2\repository\io\cucumber\cucumber-junit-platform-engine\7.17.0\cucumber-junit-platform-engine-7.17.0.jar;C:\Users\Aroon Janthong\.m2\repository\org\junit\platform\junit-platform-engine\1.10.2\junit-platform-engine-1.10.2.jar;C:\Users\Aroon Janthong\.m2\repository\org\opentest4j\opentest4j\1.3.0\opentest4j-1.3.0.jar;C:\Users\Aroon Janthong\.m2\repository\org\junit\platform\junit-platform-commons\1.10.2\junit-platform-commons-1.10.2.jar;C:\Users\Aroon Janthong\.m2\repository\org\junit\platform\junit-platform-suite\1.10.2\junit-platform-suite-1.10.2.jar;C:\Users\Aroon Janthong\.m2\repository\org\junit\platform\junit-platform-suite-api\1.10.2\junit-platform-suite-api-1.10.2.jar;C:\Users\Aroon Janthong\.m2\repository\org\junit\platform\junit-platform-suite-engine\1.10.2\junit-platform-suite-engine-1.10.2.jar;C:\Users\Aroon Janthong\.m2\repository\org\junit\platform\junit-platform-suite-commons\1.10.2\junit-platform-suite-commons-1.10.2.jar;C:\Users\Aroon Janthong\.m2\repository\org\junit\platform\junit-platform-launcher\1.10.2\junit-platform-launcher-1.10.2.jar;C:\Users\Aroon Janthong\.m2\repository\org\junit\jupiter\junit-jupiter\5.10.2\junit-jupiter-5.10.2.jar;C:\Users\Aroon Janthong\.m2\repository\org\junit\jupiter\junit-jupiter-api\5.10.2\junit-jupiter-api-5.10.2.jar;C:\Users\Aroon Janthong\.m2\repository\org\junit\jupiter\junit-jupiter-params\5.10.2\junit-jupiter-params-5.10.2.jar;C:\Users\Aroon Janthong\.m2\repository\org\junit\jupiter\junit-jupiter-engine\5.10.2\junit-jupiter-engine-5.10.2.jar;"/>
    <property name="java.vm.vendor" value="Azul Systems, Inc."/>
    <property name="sun.arch.data.model" value="64"/>
    <property name="user.variant" value=""/>
    <property name="java.vendor.url" value="http://www.azul.com/"/>
    <property name="user.timezone" value="Asia/Bangkok"/>
    <property name="os.name" value="Windows 11"/>
    <property name="java.vm.specification.version" value="21"/>
    <property name="sun.java.launcher" value="SUN_STANDARD"/>
    <property name="user.country" value="US"/>
    <property name="sun.boot.library.path" value="C:\Program Files\Zulu\zulu-21\bin"/>
    <property name="sun.java.command" value="C:\Users\Aroon Janthong\AppData\Local\Temp\surefire16743957800850916412\surefirebooter-20240509231207494_3.jar C:\Users\Aroon Janthong\AppData\Local\Temp\surefire16743957800850916412 2024-05-09T23-12-07_404-jvmRun1 surefire-20240509231207494_1tmp surefire_0-20240509231207494_2tmp"/>
    <property name="jdk.debug" value="release"/>
    <property name="surefire.test.class.path" value="C:\Users\Aroon Janthong\Workspaces\bdd\cach-withdraw-test\target\test-classes;C:\Users\Aroon Janthong\Workspaces\bdd\cach-withdraw-test\target\classes;C:\Users\Aroon Janthong\.m2\repository\io\cucumber\cucumber-java\7.17.0\cucumber-java-7.17.0.jar;C:\Users\Aroon Janthong\.m2\repository\io\cucumber\cucumber-core\7.17.0\cucumber-core-7.17.0.jar;C:\Users\Aroon Janthong\.m2\repository\io\cucumber\cucumber-gherkin\7.17.0\cucumber-gherkin-7.17.0.jar;C:\Users\Aroon Janthong\.m2\repository\io\cucumber\cucumber-gherkin-messages\7.17.0\cucumber-gherkin-messages-7.17.0.jar;C:\Users\Aroon Janthong\.m2\repository\io\cucumber\gherkin\28.0.0\gherkin-28.0.0.jar;C:\Users\Aroon Janthong\.m2\repository\io\cucumber\messages\24.1.0\messages-24.1.0.jar;C:\Users\Aroon Janthong\.m2\repository\io\cucumber\testng-xml-formatter\0.1.0\testng-xml-formatter-0.1.0.jar;C:\Users\Aroon Janthong\.m2\repository\io\cucumber\query\12.1.2\query-12.1.2.jar;C:\Users\Aroon Janthong\.m2\repository\io\cucumber\tag-expressions\6.1.0\tag-expressions-6.1.0.jar;C:\Users\Aroon Janthong\.m2\repository\io\cucumber\cucumber-expressions\17.1.0\cucumber-expressions-17.1.0.jar;C:\Users\Aroon Janthong\.m2\repository\io\cucumber\datatable\7.17.0\datatable-7.17.0.jar;C:\Users\Aroon Janthong\.m2\repository\io\cucumber\cucumber-plugin\7.17.0\cucumber-plugin-7.17.0.jar;C:\Users\Aroon Janthong\.m2\repository\io\cucumber\docstring\7.17.0\docstring-7.17.0.jar;C:\Users\Aroon Janthong\.m2\repository\io\cucumber\html-formatter\21.3.1\html-formatter-21.3.1.jar;C:\Users\Aroon Janthong\.m2\repository\io\cucumber\junit-xml-formatter\0.4.0\junit-xml-formatter-0.4.0.jar;C:\Users\Aroon Janthong\.m2\repository\io\cucumber\ci-environment\10.0.1\ci-environment-10.0.1.jar;C:\Users\Aroon Janthong\.m2\repository\org\apiguardian\apiguardian-api\1.1.2\apiguardian-api-1.1.2.jar;C:\Users\Aroon Janthong\.m2\repository\io\cucumber\cucumber-junit-platform-engine\7.17.0\cucumber-junit-platform-engine-7.17.0.jar;C:\Users\Aroon Janthong\.m2\repository\org\junit\platform\junit-platform-engine\1.10.2\junit-platform-engine-1.10.2.jar;C:\Users\Aroon Janthong\.m2\repository\org\opentest4j\opentest4j\1.3.0\opentest4j-1.3.0.jar;C:\Users\Aroon Janthong\.m2\repository\org\junit\platform\junit-platform-commons\1.10.2\junit-platform-commons-1.10.2.jar;C:\Users\Aroon Janthong\.m2\repository\org\junit\platform\junit-platform-suite\1.10.2\junit-platform-suite-1.10.2.jar;C:\Users\Aroon Janthong\.m2\repository\org\junit\platform\junit-platform-suite-api\1.10.2\junit-platform-suite-api-1.10.2.jar;C:\Users\Aroon Janthong\.m2\repository\org\junit\platform\junit-platform-suite-engine\1.10.2\junit-platform-suite-engine-1.10.2.jar;C:\Users\Aroon Janthong\.m2\repository\org\junit\platform\junit-platform-suite-commons\1.10.2\junit-platform-suite-commons-1.10.2.jar;C:\Users\Aroon Janthong\.m2\repository\org\junit\platform\junit-platform-launcher\1.10.2\junit-platform-launcher-1.10.2.jar;C:\Users\Aroon Janthong\.m2\repository\org\junit\jupiter\junit-jupiter\5.10.2\junit-jupiter-5.10.2.jar;C:\Users\Aroon Janthong\.m2\repository\org\junit\jupiter\junit-jupiter-api\5.10.2\junit-jupiter-api-5.10.2.jar;C:\Users\Aroon Janthong\.m2\repository\org\junit\jupiter\junit-jupiter-params\5.10.2\junit-jupiter-params-5.10.2.jar;C:\Users\Aroon Janthong\.m2\repository\org\junit\jupiter\junit-jupiter-engine\5.10.2\junit-jupiter-engine-5.10.2.jar;"/>
    <property name="sun.cpu.endian" value="little"/>
    <property name="user.home" value="C:\Users\Aroon Janthong"/>
    <property name="user.language" value="en"/>
    <property name="java.specification.vendor" value="Oracle Corporation"/>
    <property name="java.version.date" value="2024-01-16"/>
    <property name="java.home" value="C:\Program Files\Zulu\zulu-21"/>
    <property name="file.separator" value="\"/>
    <property name="basedir" value="C:\Users\Aroon Janthong\Workspaces\bdd\cach-withdraw-test"/>
    <property name="java.vm.compressedOopsMode" value="Zero based"/>
    <property name="line.separator" value="&#10;"/>
    <property name="java.vm.specification.vendor" value="Oracle Corporation"/>
    <property name="java.specification.name" value="Java Platform API Specification"/>
    <property name="surefire.real.class.path" value="C:\Users\Aroon Janthong\AppData\Local\Temp\surefire16743957800850916412\surefirebooter-20240509231207494_3.jar"/>
    <property name="user.script" value=""/>
    <property name="sun.management.compiler" value="HotSpot 64-Bit Tiered Compilers"/>
    <property name="java.runtime.version" value="21.0.2+13-LTS"/>
    <property name="user.name" value="Aroon Janthong"/>
    <property name="stdout.encoding" value="MS874"/>
    <property name="path.separator" value=";"/>
    <property name="os.version" value="10.0"/>
    <property name="java.runtime.name" value="OpenJDK Runtime Environment"/>
    <property name="file.encoding" value="UTF-8"/>
    <property name="java.vm.name" value="OpenJDK 64-Bit Server VM"/>
    <property name="java.vendor.version" value="Zulu21.32+17-CA"/>
    <property name="localRepository" value="C:\Users\Aroon Janthong\.m2\repository"/>
    <property name="java.vendor.url.bug" value="http://www.azul.com/support/"/>
    <property name="java.io.tmpdir" value="C:\Users\AROONJ~1\AppData\Local\Temp\"/>
    <property name="java.version" value="21.0.2"/>
    <property name="user.dir" value="C:\Users\Aroon Janthong\Workspaces\bdd\cach-withdraw-test"/>
    <property name="os.arch" value="amd64"/>
    <property name="java.vm.specification.name" value="Java Virtual Machine Specification"/>
    <property name="sun.os.patch.level" value=""/>
    <property name="native.encoding" value="MS874"/>
    <property name="java.library.path" value="C:\Program Files\Zulu\zulu-21\bin;C:\Windows\Sun\Java\bin;C:\Windows\system32;C:\Windows;C:\Program Files\PowerShell\7;C:\Users\Aroon Janthong\AppData\Local\cloud-code\installer\google-cloud-sdk\bin;C:\Python312\Scripts\;C:\Python312\;C:\Program Files\Zulu\zulu-21\bin\;C:\Windows\system32;C:\Windows;C:\Windows\System32\Wbem;C:\Windows\System32\WindowsPowerShell\v1.0\;C:\Windows\System32\OpenSSH\;C:\Program Files\Apache Maven\3.9.6\bin;C:\Program Files\nodejs\;C:\ProgramData\chocolatey\bin;C:\Program Files\PowerShell\7\;C:\Program Files\Docker\Docker\resources\bin;C:\Users\Aroon Janthong\AppData\Local\Microsoft\WindowsApps;C:\Users\Aroon Janthong\AppData\Local\Programs\Microsoft VS Code\bin;C:\Users\Aroon Janthong\AppData\Roaming\npm;C:\Users\Aroon Janthong\AppData\Local\Programs\Git\cmd;."/>
    <property name="java.vm.info" value="mixed mode, sharing"/>
    <property name="stderr.encoding" value="MS874"/>
    <property name="java.vendor" value="Azul Systems, Inc."/>
    <property name="java.vm.version" value="21.0.2+13-LTS"/>
    <property name="sun.io.unicode.encoding" value="UnicodeLittle"/>
    <property name="java.class.version" value="65.0"/>
  </properties>
  <testcase name="Account has sufficient funds for transferring cash" classname="Account Holder transfers cash" time="0.072">
    <system-out><![CDATA[
@Priority-medium
Scenario: Account has sufficient funds for transferring cash     &amp#27;[90m# src/test/resources/com/example/cachwithdraw/Account_Holder_transfers_cash.feature:7&amp#27;[0m
  &amp#27;[32mGiven &amp#27;[0m&amp#27;[32mthe account balance is &amp#27;[0m&amp#27;[32m&amp#27;[1m"$100"&amp#27;[0m                            &amp#27;[90m# com.example.cachwithdraw.StepDefinitions.theAccountBalanceIsBalance(java.lang.String)&amp#27;[0m
  &amp#27;[32mAnd &amp#27;[0m&amp#27;[32mthe savings account balance is &amp#27;[0m&amp#27;[32m&amp#27;[1m"$1000"&amp#27;[0m                     &amp#27;[90m# com.example.cachwithdraw.StepDefinitions.theSavingsAccountBalanceIsAmount(java.lang.String)&amp#27;[0m
  &amp#27;[32mAnd &amp#27;[0m&amp#27;[32mthe card is valid&amp#27;[0m                                          &amp#27;[90m# com.example.cachwithdraw.StepDefinitions.theCardIsValid()&amp#27;[0m
  &amp#27;[32mWhen &amp#27;[0m&amp#27;[32mthe Account Holder transfers &amp#27;[0m&amp#27;[32m&amp#27;[1m"$20"&amp#27;[0m&amp#27;[32m to the savings account&amp#27;[0m &amp#27;[90m# com.example.cachwithdraw.StepDefinitions.theAccountHolderTransfersAmountToTheSavingsAccount(java.lang.String)&amp#27;[0m
  &amp#27;[32mAnd &amp#27;[0m&amp#27;[32mthe ATM should dispense &amp#27;[0m&amp#27;[32m&amp#27;[1m"$0"&amp#27;[0m                               &amp#27;[90m# com.example.cachwithdraw.StepDefinitions.theATMShouldDispenseAmount(java.lang.String)&amp#27;[0m
  &amp#27;[32mAnd &amp#27;[0m&amp#27;[32mthe account balance should be &amp#27;[0m&amp#27;[32m&amp#27;[1m"$80"&amp#27;[0m                        &amp#27;[90m# com.example.cachwithdraw.StepDefinitions.theAccountBalanceShouldBeBalance(java.lang.String)&amp#27;[0m
  &amp#27;[32mAnd &amp#27;[0m&amp#27;[32mthe savings account balance should be &amp#27;[0m&amp#27;[32m&amp#27;[1m"$1020"&amp#27;[0m              &amp#27;[90m# com.example.cachwithdraw.StepDefinitions.theSavingsAccountBalanceShouldBeAmount(java.lang.String)&amp#27;[0m
  &amp#27;[32mAnd &amp#27;[0m&amp#27;[32mthe card should be returned&amp#27;[0m                                &amp#27;[90m# com.example.cachwithdraw.StepDefinitions.theCardShouldBeReturned()&amp#27;[0m
]]></system-out>
    <system-err><![CDATA[May 09, 2024 11:12:08 PM io.cucumber.junit.platform.engine.DiscoverySelectorResolver warnWhenCucumberFeaturesPropertyIsUsed
WARNING: Discovering tests using the cucumber.features property. Other discovery selectors are ignored!

This is a work around for the limited JUnit 5 support in Maven and Gradle. Please request/upvote/sponsor/ect better support for JUnit 5 discovery selectors. For details see: https://github.com/cucumber/cucumber-jvm/pull/2498

If you are using the JUnit 5 Suite Engine, Platform Launcher API or Console Launcher you should not use this property. Please consult the JUnit 5 documentation on test selection.
]]></system-err>
  </testcase>
  <testcase name="Example #1.1" classname="Examples" time="0.014">
    <system-out><![CDATA[
@Priority-high
Scenario Outline: Account has sufficient funds &amp#27;[90m# src/test/resources/com/example/cachwithdraw/Account_Holder_withdraws_cash.feature:18&amp#27;[0m
  &amp#27;[32mGiven &amp#27;[0m&amp#27;[32mthe account balance is &amp#27;[0m&amp#27;[32m&amp#27;[1m"$100"&amp#27;[0m          &amp#27;[90m# com.example.cachwithdraw.StepDefinitions.theAccountBalanceIsBalance(java.lang.String)&amp#27;[0m
  &amp#27;[32mAnd &amp#27;[0m&amp#27;[32mthe machine contains enough money&amp#27;[0m        &amp#27;[90m# com.example.cachwithdraw.StepDefinitions.theMachineContainsEnoughMoney()&amp#27;[0m
  &amp#27;[32mAnd &amp#27;[0m&amp#27;[32mthe card is valid&amp#27;[0m                        &amp#27;[90m# com.example.cachwithdraw.StepDefinitions.theCardIsValid()&amp#27;[0m
  &amp#27;[32mWhen &amp#27;[0m&amp#27;[32mthe Account Holder requests &amp#27;[0m&amp#27;[32m&amp#27;[1m"$100"&amp#27;[0m      &amp#27;[90m# com.example.cachwithdraw.StepDefinitions.theAccountHolderRequestsAmount(java.lang.String)&amp#27;[0m
  &amp#27;[32mThen &amp#27;[0m&amp#27;[32mthe ATM should dispense &amp#27;[0m&amp#27;[32m&amp#27;[1m"$100"&amp#27;[0m          &amp#27;[90m# com.example.cachwithdraw.StepDefinitions.theATMShouldDispenseAmount(java.lang.String)&amp#27;[0m
  &amp#27;[32mAnd &amp#27;[0m&amp#27;[32mthe account balance should be &amp#27;[0m&amp#27;[32m&amp#27;[1m"$0"&amp#27;[0m       &amp#27;[90m# com.example.cachwithdraw.StepDefinitions.theAccountBalanceShouldBeBalance(java.lang.String)&amp#27;[0m
  &amp#27;[32mAnd &amp#27;[0m&amp#27;[32mthe card should be returned&amp#27;[0m              &amp#27;[90m# com.example.cachwithdraw.StepDefinitions.theCardShouldBeReturned()&amp#27;[0m
]]></system-out>
  </testcase>
  <testcase name="Example #1.2" classname="Examples" time="0.012">
    <system-out><![CDATA[
@Priority-high
Scenario Outline: Account has sufficient funds &amp#27;[90m# src/test/resources/com/example/cachwithdraw/Account_Holder_withdraws_cash.feature:19&amp#27;[0m
  &amp#27;[32mGiven &amp#27;[0m&amp#27;[32mthe account balance is &amp#27;[0m&amp#27;[32m&amp#27;[1m"$100"&amp#27;[0m          &amp#27;[90m# com.example.cachwithdraw.StepDefinitions.theAccountBalanceIsBalance(java.lang.String)&amp#27;[0m
  &amp#27;[32mAnd &amp#27;[0m&amp#27;[32mthe machine contains enough money&amp#27;[0m        &amp#27;[90m# com.example.cachwithdraw.StepDefinitions.theMachineContainsEnoughMoney()&amp#27;[0m
  &amp#27;[32mAnd &amp#27;[0m&amp#27;[32mthe card is valid&amp#27;[0m                        &amp#27;[90m# com.example.cachwithdraw.StepDefinitions.theCardIsValid()&amp#27;[0m
  &amp#27;[32mWhen &amp#27;[0m&amp#27;[32mthe Account Holder requests &amp#27;[0m&amp#27;[32m&amp#27;[1m"$50"&amp#27;[0m       &amp#27;[90m# com.example.cachwithdraw.StepDefinitions.theAccountHolderRequestsAmount(java.lang.String)&amp#27;[0m
  &amp#27;[32mThen &amp#27;[0m&amp#27;[32mthe ATM should dispense &amp#27;[0m&amp#27;[32m&amp#27;[1m"$50"&amp#27;[0m           &amp#27;[90m# com.example.cachwithdraw.StepDefinitions.theATMShouldDispenseAmount(java.lang.String)&amp#27;[0m
  &amp#27;[32mAnd &amp#27;[0m&amp#27;[32mthe account balance should be &amp#27;[0m&amp#27;[32m&amp#27;[1m"$50"&amp#27;[0m      &amp#27;[90m# com.example.cachwithdraw.StepDefinitions.theAccountBalanceShouldBeBalance(java.lang.String)&amp#27;[0m
  &amp#27;[32mAnd &amp#27;[0m&amp#27;[32mthe card should be returned&amp#27;[0m              &amp#27;[90m# com.example.cachwithdraw.StepDefinitions.theCardShouldBeReturned()&amp#27;[0m
]]></system-out>
  </testcase>
  <testcase name="Example #1.3" classname="Examples" time="0.012">
    <system-out><![CDATA[
@Priority-high
Scenario Outline: Account has sufficient funds &amp#27;[90m# src/test/resources/com/example/cachwithdraw/Account_Holder_withdraws_cash.feature:20&amp#27;[0m
  &amp#27;[32mGiven &amp#27;[0m&amp#27;[32mthe account balance is &amp#27;[0m&amp#27;[32m&amp#27;[1m"$100"&amp#27;[0m          &amp#27;[90m# com.example.cachwithdraw.StepDefinitions.theAccountBalanceIsBalance(java.lang.String)&amp#27;[0m
  &amp#27;[32mAnd &amp#27;[0m&amp#27;[32mthe machine contains enough money&amp#27;[0m        &amp#27;[90m# com.example.cachwithdraw.StepDefinitions.theMachineContainsEnoughMoney()&amp#27;[0m
  &amp#27;[32mAnd &amp#27;[0m&amp#27;[32mthe card is valid&amp#27;[0m                        &amp#27;[90m# com.example.cachwithdraw.StepDefinitions.theCardIsValid()&amp#27;[0m
  &amp#27;[32mWhen &amp#27;[0m&amp#27;[32mthe Account Holder requests &amp#27;[0m&amp#27;[32m&amp#27;[1m"$20"&amp#27;[0m       &amp#27;[90m# com.example.cachwithdraw.StepDefinitions.theAccountHolderRequestsAmount(java.lang.String)&amp#27;[0m
  &amp#27;[32mThen &amp#27;[0m&amp#27;[32mthe ATM should dispense &amp#27;[0m&amp#27;[32m&amp#27;[1m"$20"&amp#27;[0m           &amp#27;[90m# com.example.cachwithdraw.StepDefinitions.theATMShouldDispenseAmount(java.lang.String)&amp#27;[0m
  &amp#27;[32mAnd &amp#27;[0m&amp#27;[32mthe account balance should be &amp#27;[0m&amp#27;[32m&amp#27;[1m"$80"&amp#27;[0m      &amp#27;[90m# com.example.cachwithdraw.StepDefinitions.theAccountBalanceShouldBeBalance(java.lang.String)&amp#27;[0m
  &amp#27;[32mAnd &amp#27;[0m&amp#27;[32mthe card should be returned&amp#27;[0m              &amp#27;[90m# com.example.cachwithdraw.StepDefinitions.theCardShouldBeReturned()&amp#27;[0m
]]></system-out>
  </testcase>
  <testcase name="Account has insufficient funds" classname="Account Holder withdraws cash" time="0.011">
    <system-out><![CDATA[
@Priority-high
Scenario: Account has insufficient funds              &amp#27;[90m# src/test/resources/com/example/cachwithdraw/Account_Holder_withdraws_cash.feature:23&amp#27;[0m
  &amp#27;[32mGiven &amp#27;[0m&amp#27;[32mthe account balance is &amp#27;[0m&amp#27;[32m&amp#27;[1m"$10"&amp#27;[0m                  &amp#27;[90m# com.example.cachwithdraw.StepDefinitions.theAccountBalanceIsBalance(java.lang.String)&amp#27;[0m
  &amp#27;[32mAnd &amp#27;[0m&amp#27;[32mthe card is valid&amp#27;[0m                               &amp#27;[90m# com.example.cachwithdraw.StepDefinitions.theCardIsValid()&amp#27;[0m
  &amp#27;[32mAnd &amp#27;[0m&amp#27;[32mthe machine contains enough money&amp#27;[0m               &amp#27;[90m# com.example.cachwithdraw.StepDefinitions.theMachineContainsEnoughMoney()&amp#27;[0m
  &amp#27;[32mWhen &amp#27;[0m&amp#27;[32mthe Account Holder requests &amp#27;[0m&amp#27;[32m&amp#27;[1m"$20"&amp#27;[0m              &amp#27;[90m# com.example.cachwithdraw.StepDefinitions.theAccountHolderRequestsAmount(java.lang.String)&amp#27;[0m
  &amp#27;[32mThen &amp#27;[0m&amp#27;[32mthe ATM should not dispense any money&amp#27;[0m          &amp#27;[90m# com.example.cachwithdraw.StepDefinitions.theATMShouldNotDispenseAnyMoney()&amp#27;[0m
  &amp#27;[32mAnd &amp#27;[0m&amp#27;[32mthe ATM should say there are insufficient funds&amp#27;[0m &amp#27;[90m# com.example.cachwithdraw.StepDefinitions.theATMShouldSayThereAreInsufficientFunds()&amp#27;[0m
]]></system-out>
  </testcase>
  <testcase name="Card has been disabled" classname="Account Holder withdraws cash" time="0.006">
    <system-out><![CDATA[
@Priority-high
Scenario: Card has been disabled                    &amp#27;[90m# src/test/resources/com/example/cachwithdraw/Account_Holder_withdraws_cash.feature:32&amp#27;[0m
  &amp#27;[32mGiven &amp#27;[0m&amp#27;[32mthe card is disabled&amp#27;[0m                        &amp#27;[90m# com.example.cachwithdraw.StepDefinitions.theCardIsDisabled()&amp#27;[0m
  &amp#27;[32mWhen &amp#27;[0m&amp#27;[32mthe Account Holder requests &amp#27;[0m&amp#27;[32m&amp#27;[1m"$10"&amp#27;[0m            &amp#27;[90m# com.example.cachwithdraw.StepDefinitions.theAccountHolderRequestsAmount(java.lang.String)&amp#27;[0m
  &amp#27;[32mThen &amp#27;[0m&amp#27;[32mthe ATM should retain the card&amp#27;[0m               &amp#27;[90m# com.example.cachwithdraw.StepDefinitions.theATMShouldRetainTheCard()&amp#27;[0m
  &amp#27;[32mAnd &amp#27;[0m&amp#27;[32mthe ATM should say the card has been retained&amp#27;[0m &amp#27;[90m# com.example.cachwithdraw.StepDefinitions.theATMShouldSayTheCardHasBeenRetained()&amp#27;[0m
]]></system-out>
  </testcase>
  <testcase name="The example" classname="An example" time="0.006">
    <system-out><![CDATA[
Scenario: The example                       &amp#27;[90m# src/test/resources/com/example/example.feature:3&amp#27;[0m
1:   &amp#27;[32mGiven &amp#27;[0m&amp#27;[32man example scenario&amp#27;[0m                 &amp#27;[90m# com.example.StepDefinitions.anExampleScenario()&amp#27;[0m
2: 
  &amp#27;[32mWhen &amp#27;[0m&amp#27;[32mall step definitions are implemented&amp#27;[0m &amp#27;[90m# com.example.StepDefinitions.allStepDefinitionsAreImplemented()&amp#27;[0m
3:   &amp#27;[32mThen &amp#27;[0m&amp#27;[32mthe scenario passes&amp#27;[0m                  &amp#27;[90m# com.example.StepDefinitions.theScenarioPasses()&amp#27;[0m
]]></system-out>
  </testcase>
</testsuite>